     1                                 %line 1+1 cek.asm
     2                                 [extern scanf]
     3                                 [extern printf]
     4                                 [extern fflush]
     5                                 
     6                                 [section .data]
     7 00000000 256600                  fmt1 db "%f", 0
     8 00000003 252E32660A00            fmt2 db "%.2f", 10, 0
     9 00000009 6666E63F                nilai dd 1.8
    10 0000000D 00000042                nilai1 dd 32.0
    11                                 
    12                                 [section .bss]
    13 00000000 <gap>                   result resd 1
    14 00000004 <gap>                   a resd 1
    15 00000008 <gap>                   result1 resd 1
    16                                 
    17                                 [section .text]
    18                                 [global main]
    19                                 
    20                                 main:
    21 00000000 68[00000000]            push a
    22 00000005 68[00000000]            push fmt1
    23 0000000A E8(F6FFFFFF)            call scanf
    24 0000000F 83C408                  add esp, 8
    25                                 
    26 00000012 D905[00000000]          fld dword [a]
    27 00000018 D80D[00000000]          fmul dword [nilai]
    28 0000001E D805[00000000]          fadd dword [nilai1]
    29                                 
    30 00000024 DD1D[00000000]          fstp qword [result]
    31                                 
    32 0000002A FF35[04000000]          push dword [result+4]
    33 00000030 FF35[00000000]          push dword [result]
    34 00000036 68[00000000]            push fmt2
    35 0000003B E8(F6FFFFFF)            call printf
    36                                 
    37                                 exit:
    38 00000040 6A00                    push 0
    39 00000042 E8(F6FFFFFF)            call fflush
    40                                 
    41 00000047 B801000000              mov eax, 1
    42 0000004C BB00000000              mov ebx, 0
    43 00000051 CD80                    int 0x80
