     1                                 %line 1+1 keliling_lingkaran.asm
     2                                 [extern printf]
     3                                 [extern scanf]
     4                                 [extern fflush]
     5                                 
     6                                 [section .data]
     7 00000000 256600                  scan db "%f", 0
     8 00000003 252E36660A00            print db "%.6f", 10, 0
     9                                 
    10                                 [section .bss]
    11 00000000 <gap>                   jari resd 1
    12 00000004 <gap>                   hasil resd 1
    13                                 
    14                                 
    15                                 
    16                                 [section .text]
    17                                 [global main]
    18                                 
    19                                 main:
    20 00000000 68[00000000]            push jari
    21 00000005 68[00000000]            push scan
    22 0000000A E8(F6FFFFFF)            call scanf
    23 0000000F 83C408                  add esp, 8
    24                                 
    25 00000012 D905[00000000]          fld dword [jari]
    26 00000018 D9EB                    fldpi
    27                                 
    28 0000001A DEC9                    fmulp
    29 0000001C DD1D[00000000]          fstp qword [hasil]
    30                                 
    31 00000022 FF35[04000000]          push dword [hasil+4]
    32 00000028 FF35[00000000]          push dword [hasil]
    33 0000002E 68[00000000]            push print
    34 00000033 E8(F6FFFFFF)            call printf
    35 00000038 83C408                  add esp, 8
    36                                 
    37                                 exit:
    38 0000003B 6A00                    push 0
    39 0000003D E8(F6FFFFFF)            call fflush
    40                                 
    41 00000042 B801000000              mov eax, 1
    42 00000047 BB00000000              mov ebx, 0
    43 0000004C CD80                    int 0x80
    44                                 
