     1                                 %line 1+1 kuadrat.asm
     2                                 [extern scanf]
     3                                 [extern printf]
     4                                 [extern fflush]
     5                                 
     6                                 [section .data]
     7 00000000 25640A00                cetak db "%d", 10, 0
     8 00000004 256400                  fmt db "%d", 0
     9                                 
    10                                 [section .bss]
    11 00000000 <gap>                   a resd 1
    12                                 
    13                                 [section .text]
    14                                 [global main]
    15                                 
    16                                 main:
    17 00000000 E8FCFFFFFF              call masukan
    18 00000005 C3                      ret
    19                                 
    20                                 masukan:
    21 00000006 68[00000000]            push a
    22 0000000B 68[00000000]            push fmt
    23 00000010 E8(F6FFFFFF)            call scanf
    24 00000015 83C408                  add esp, 8
    25                                 
    26 00000018 A1[00000000]            mov eax, [a]
    27                                 
    28 0000001D 83F800                  cmp eax, 0
    29 00000020 741C                    je exit
    30                                 
    31 00000022 E8FDFFFFFF              call kuadrat
    32                                 
    33 00000027 77DB                    ja masukan
    34                                 
    35                                 kuadrat:
    36 00000029 8B1D[00000000]          mov ebx, [a]
    37 0000002F F7E3                    mul ebx
    38                                 
    39 00000031 50                      push eax
    40 00000032 68[00000000]            push cetak
    41 00000037 E8(F6FFFFFF)            call printf
    42 0000003C 83C408                  add esp, 8
    43 0000003F C3                      ret
    44                                 exit:
    45 00000040 6A00                    push 0
    46 00000042 E8(F6FFFFFF)            call fflush
    47                                 
    48 00000047 B801000000              mov eax, 1
    49 0000004C BB00000000              mov ebx, 0
    50 00000051 CD80                    int 0x80
