     1                                 %line 1+1 nilai_akhir_dword.asm
     2                                 [extern scanf]
     3                                 [extern printf]
     4                                 [extern fflush]
     5                                 
     6                                 [section .data]
     7 00000000 25640A00                cetak db "%d", 10, 0
     8 00000004 256420256420256420-     fmt db "%d %d %d %d %d %d %d", 0
     9 00000004 256420256420256420-
    10 00000004 256400             
    11                                  dword_size equ 4
    12                                 
    13                                 [section .bss]
    14 00000000 <gap>                   uts resd 1
    15 00000004 <gap>                   uas resd 1
    16 00000008 <gap>                   uasp resd 1
    17 0000000C <gap>                   utsp resd 1
    18 00000010 <gap>                   proj resd 1
    19 00000014 <gap>                   kuis resd 1
    20 00000018 <gap>                   tugas resd 1
    21                                 
    22                                 [section .text]
    23                                 [global main]
    24                                 
    25                                 
    26                                 main:
    27 00000000 68[00000000]            push tugas
    28 00000005 68[00000000]            push kuis
    29 0000000A 68[00000000]            push proj
    30 0000000F 68[00000000]            push uasp
    31 00000014 68[00000000]            push utsp
    32 00000019 68[00000000]            push uas
    33 0000001E 68[00000000]            push uts
    34 00000023 68[00000000]            push fmt
    35 00000028 E8(F6FFFFFF)            call scanf
    36 0000002D 83C420                  add esp, 32
    37                                 
    38                                 
    39 00000030 FF35[00000000]          push dword [tugas]
    40 00000036 FF35[00000000]          push dword [kuis]
    41 0000003C FF35[00000000]          push dword [proj]
    42 00000042 FF35[00000000]          push dword [uasp]
    43 00000048 FF35[00000000]          push dword [utsp]
    44 0000004E FF35[00000000]          push dword [uas]
    45 00000054 FF35[00000000]          push dword [uts]
    46 0000005A E8FDFFFFFF              call nilai_akhir
    47 0000005F EB5A                    jmp exit
    48                                 
    49                                 nilai_akhir:
    50 00000061 55                      push ebp
    51 00000062 89E5                    mov ebp, esp
    52                                 
    53 00000064 8B4508                  mov eax,[ebp+2*dword_size]
    54 00000067 BB1E000000              mov ebx, 30
    55 0000006C F7E3                    mul ebx
    56 0000006E 89C1                    mov ecx, eax
    57                                 
    58 00000070 8B450C                  mov eax,[ebp+3*dword_size]
    59 00000073 F7E3                    mul ebx
    60 00000075 01C1                    add ecx, eax
    61                                 
    62 00000077 8B4510                  mov eax,[ebp+4*dword_size]
    63 0000007A BB0A000000              mov ebx, 10
    64 0000007F F7E3                    mul ebx
    65 00000081 01C1                    add ecx, eax
    66                                 
    67 00000083 8B4514                  mov eax,[ebp+5*dword_size]
    68 00000086 F7E3                    mul ebx
    69 00000088 01C1                    add ecx, eax
    70                                 
    71 0000008A 8B4518                  mov eax,[ebp+6*dword_size]
    72 0000008D F7E3                    mul ebx
    73 0000008F 01C1                    add ecx, eax
    74                                 
    75 00000091 8B451C                  mov eax,[ebp+7*dword_size]
    76 00000094 BB05000000              mov ebx, 5
    77 00000099 F7E3                    mul ebx
    78 0000009B 01C1                    add ecx, eax
    79                                 
    80 0000009D 8B4520                  mov eax,[ebp+8*dword_size]
    81 000000A0 F7E3                    mul ebx
    82 000000A2 01C1                    add ecx, eax
    83                                 
    84 000000A4 89C8                    mov eax, ecx
    85 000000A6 BB64000000              mov ebx, 100
    86 000000AB F7F3                    div ebx
    87 000000AD 5D                      pop ebp
    88                                 
    89 000000AE 83FA32                  cmp edx, 50
    90 000000B1 7301                    jae bulat
    91                                 
    92 000000B3 C22000                  ret 8*dword_size
    93                                 
    94                                 bulat:
    95 000000B6 B901000000              mov ecx, 1
    96 000000BB 01C8                    add eax, ecx
    97                                 
    98                                 exit:
    99 000000BD 50                      push eax
   100 000000BE 68[00000000]            push cetak
   101 000000C3 E8(F6FFFFFF)            call printf
   102 000000C8 83C408                  add esp, 8
   103                                 
   104 000000CB 6A00                    push 0
   105 000000CD E8(F6FFFFFF)            call fflush
   106                                 
   107 000000D2 B801000000              mov eax, 1
   108 000000D7 BB00000000              mov ebx, 0
   109 000000DC CD80                    int 0x80
   110                                 
   111                                 
