     1                                 %line 1+1 pnangkat.asm
     2                                 [extern scanf]
     3                                 [extern printf]
     4                                 [extern fflush]
     5                                 
     6                                 [section .data]
     7                                 
     8 00000000 25640A00                cetak db "%d", 10,0
     9 00000004 256400                  fmt db "%d",0
    10                                 
    11                                 [section .bss]
    12 00000000 <gap>                   a resd 1
    13 00000004 <gap>                   b resd 1
    14                                 
    15                                 [segment .text]
    16                                 [global main]
    17                                 
    18                                 main:
    19 00000000 68[00000000]            push a
    20 00000005 68[00000000]            push fmt
    21 0000000A E8(F6FFFFFF)            call scanf
    22 0000000F 83C40C                  add esp, 12
    23                                 
    24 00000012 8B15[00000000]          mov edx,[a]
    25 00000018 83FA00                  cmp edx,0
    26 0000001B 7435                    je exit
    27                                 
    28 0000001D 68[00000000]            push b
    29 00000022 68[00000000]            push fmt
    30 00000027 E8(F6FFFFFF)            call scanf
    31 0000002C 83C40C                  add esp, 12
    32                                 
    33 0000002F 8B0D[00000000]          mov ecx,[b]
    34 00000035 B801000000              mov eax,1
    35 0000003A 8B1D[00000000]          mov ebx,[a]
    36                                 LP:
    37 00000040 F7E3                    mul ebx
    38 00000042 E0FA                    LOOPNE LP
    39                                 
    40 00000044 50                      push eax
    41 00000045 68[00000000]            push cetak
    42 0000004A E8(F6FFFFFF)            call printf
    43 0000004F 83C408                  add esp,8
    44 00000052 EBAA                    jmp main
    45                                 
    46                                 exit:
    47 00000054 6A00                    push 0
    48 00000056 E8(F6FFFFFF)            call fflush
    49                                 
    50 0000005B B801000000              mov eax,1
    51 00000060 BB00000000              mov ebx,0
    52 00000065 CD80                    int 0x80
