     1                                 %line 1+1 weekend.asm
     2                                 [extern scanf]
     3                                 [extern printf]
     4                                 [extern fflush]
     5                                 
     6                                 [section .data]
     7 00000000 25730A00                cetak db "%s", 10, 0
     8 00000004 257300                  fmt db "%s", 0
     9 00000007 53756E00                sun db "Sun", 0
    10 0000000B 53617400                sat db "Sat", 0
    11 0000000F 7765656B656E6400        weekend db "weekend", 0
    12 00000017 7765656B64617900        weekday db "weekday", 0
    13                                 
    14                                 [section .bss]
    15 00000000 <gap>                   a resd 1
    16                                 
    17                                 [section .text]
    18                                 [global main]
    19                                 
    20                                 main:
    21 00000000 FC                      cld
    22 00000001 68[00000000]            push a
    23 00000006 68[00000000]            push fmt
    24 0000000B E8(F6FFFFFF)            call scanf
    25 00000010 83C408                  add esp, 8
    26                                 
    27 00000013 BE[00000000]            mov esi, a
    28                                 
    29 00000018 BF[00000000]            mov edi, sun
    30 0000001D B903000000              mov ecx, 3
    31 00000022 A6                      cmpsb
    32 00000023 7420                    je libur
    33                                 
    34 00000025 BF[00000000]            mov edi, sat
    35 0000002A B903000000              mov ecx, 3
    36 0000002F A6                      cmpsb
    37 00000030 7413                    je libur
    38                                 
    39 00000032 B8[00000000]            mov eax, weekday
    40 00000037 50                      push eax
    41 00000038 68[00000000]            push cetak
    42 0000003D E8(F6FFFFFF)            call printf
    43 00000042 83C408                  add esp, 8
    44 00000045 EB13                    jmp exit
    45                                 
    46                                 libur:
    47 00000047 B8[00000000]            mov eax, weekend
    48 0000004C 50                      push eax
    49 0000004D 68[00000000]            push cetak
    50 00000052 E8(F6FFFFFF)            call printf
    51 00000057 83C408                  add esp, 8
    52 0000005A EBFE                    jmp exit
    53                                 
    54                                 exit:
    55 0000005C 6A00                    push 0
    56 0000005E E8(F6FFFFFF)            call fflush
    57                                 
    58 00000063 B801000000              mov eax, 1
    59 00000068 BB00000000              mov ebx, 0
    60 0000006D CD80                    int 0x80
