     1                                 %line 1+1 coba.asm
     2                                 [extern scanf]
     3                                 [extern printf]
     4                                 [extern fflush]
     5                                 
     6                                 [section .data]
     7 00000000 25640A00                cetak db "%d", 10, 0
     8 00000004 256420256400            fmt db "%d %d", 0
     9 0000000A 070000000B0000000A-     array dd 7, 11, 10, 6
    10 0000000A 00000006000000     
    11 0000001A 050000000800000009-     dd 5, 8, 9, 2
    12 0000001A 00000002000000     
    13 0000002A 01000000030000000C-     dd 1, 3, 12, 4
    14 0000002A 00000004000000     
    15                                 
    16                                 [section .bss]
    17 00000000 <gap>                   a resd 1
    18 00000004 <gap>                   b resd 1
    19                                 
    20                                 [segment .text]
    21                                 [global main]
    22                                 
    23                                 main:
    24 00000000 68[00000000]            push a
    25 00000005 68[00000000]            push b
    26 0000000A 68[00000000]            push fmt
    27 0000000F E8(F6FFFFFF)            call scanf
    28 00000014 83C40C                  add esp, 12
    29                                 
    30 00000017 A1[00000000]            mov eax, [b]
    31 0000001C BB10000000              mov ebx, 16
    32 00000021 F7E3                    mul ebx
    33                                 
    34 00000023 89C1                    mov ecx, eax
    35                                 
    36 00000025 A1[00000000]            mov eax, [a]
    37 0000002A BA04000000              mov edx, 4
    38 0000002F F7E2                    mul edx
    39                                 
    40 00000031 01C8                    add eax, ecx
    41                                 
    42 00000033 FFB0[00000000]          push dword[array+eax]
    43 00000039 68[00000000]            push cetak
    44 0000003E E8(F6FFFFFF)            call printf
    45 00000043 83C408                  add esp, 8
    46                                 
    47                                 exit:
    48 00000046 6A00                    push 0
    49 00000048 E8(F6FFFFFF)            call fflush
    50                                 
    51 0000004D B801000000              mov eax, 1
    52 00000052 BB00000000              mov ebx, 0
    53 00000057 CD80                    int 0x80
    54                                 
