     1                                 %line 1+1 6.asm
     2                                 [extern scanf]
     3                                 [extern printf]
     4                                 [extern fflush]
     5                                 
     6                                 [section .data]
     7 00000000 256400                  fmt1 db "%d", 0
     8 00000003 25640A00                fmt2 db "%d", 10, 0
     9                                 
    10                                 [section .bss]
    11 00000000 <gap>                   a resd 1
    12                                 
    13                                 [section .text]
    14                                 [global main]
    15                                 
    16                                 main:
    17 00000000 68[00000000]            push a
    18 00000005 68[00000000]            push fmt1
    19 0000000A E8(F6FFFFFF)            call scanf
    20 0000000F 83C408                  add esp, 8
    21                                 
    22 00000012 A1[00000000]            mov eax, [a]
    23 00000017 8B1D[00000000]          mov ebx, [a]
    24                                 
    25 0000001D F7E3                    mul ebx
    26 0000001F B906000000              mov ecx, 6
    27 00000024 F7E1                    mul ecx
    28                                 
    29 00000026 50                      push eax
    30 00000027 68[00000000]            push fmt2
    31 0000002C E8(F6FFFFFF)            call printf
    32 00000031 83C408                  add esp, 8
    33                                 
    34 00000034 6A00                    push 0
    35 00000036 E8(F6FFFFFF)            call fflush
    36                                 
    37                                 exit:
    38 0000003B B801000000              mov eax, 1
    39 00000040 BB00000000              mov ebx, 0
    40 00000045 CD80                    int 0x80
