     1                                 %line 1+1 8.asm
     2                                 [extern scanf]
     3                                 [extern printf]
     4                                 [extern fflush]
     5                                 
     6                                 [section .data]
     7 00000000 256400                  ftm1 db "%d", 0
     8 00000003 25640A00                ftm2 db "%d", 10, 0
     9                                 
    10                                 [section .bss]
    11 00000000 <gap>                   cek resd 1
    12                                 
    13                                 [section .text]
    14                                 [global main]
    15                                 
    16                                 main:
    17 00000000 68[00000000]            push cek
    18 00000005 68[00000000]            push ftm1
    19 0000000A E8(F6FFFFFF)            call scanf
    20 0000000F 83C408                  add esp, 8
    21                                 
    22 00000012 A1[00000000]            mov eax, [cek]
    23 00000017 BB00000000              mov ebx, 0
    24 0000001C BA00000000              mov edx, 0
    25                                 
    26                                 looping:
    27 00000021 83C301                  add ebx, 1
    28 00000024 01DA                    add edx, ebx
    29 00000026 39D8                    cmp eax, ebx
    30 00000028 E0F5                    LOOPNE looping
    31                                 
    32 0000002A 52                      push edx
    33 0000002B 68[00000000]            push ftm2
    34 00000030 E8(F6FFFFFF)            call printf
    35 00000035 83C408                  add esp, 8
    36                                 
    37 00000038 6A00                    push 0
    38 0000003A E8(F6FFFFFF)            call fflush
    39                                 exit:
    40 0000003F B801000000              mov eax, 1
    41 00000044 BB00000000              mov ebx, 0
    42 00000049 CD80                    int 0x80
