     1                                 %line 1+1 9.asm
     2                                 [extern scanf]
     3                                 [extern printf]
     4                                 [extern fflush]
     5                                 
     6                                 [section .data]
     7 00000000 256400                  ftm1 db "%d", 0
     8 00000003 25640A00                ftm2 db "%d", 10, 0
     9                                 
    10                                 [section .bss]
    11 00000000 <gap>                   a resd 1
    12                                 
    13                                 [section .text]
    14                                 [global main]
    15                                 main:
    16 00000000 68[00000000]            push a
    17 00000005 68[00000000]            push ftm1
    18 0000000A E8(F6FFFFFF)            call scanf
    19 0000000F 83C408                  add esp, 8
    20                                 
    21 00000012 8B0D[00000000]          mov ecx, [a]
    22 00000018 B801000000              mov eax, 1
    23 0000001D BB02000000              mov ebx, 2
    24                                 
    25                                 looping:
    26 00000022 0FAFC3                  imul eax, ebx
    27 00000025 E0F9                    LOOPNE looping
    28                                 
    29 00000027 50                      push eax
    30 00000028 68[00000000]            push ftm2
    31 0000002D E8(F6FFFFFF)            call printf
    32 00000032 83C408                  add esp, 8
    33                                 
    34 00000035 6A00                    push 0
    35 00000037 E8(F6FFFFFF)            call fflush
    36                                 exit:
    37 0000003C B801000000              mov eax, 1
    38 00000041 BB00000000              mov ebx, 0
    39 00000046 CD80                    int 0x80
