     1                                 %line 1+1 cek1.asm
     2                                 [section .data]
     3 00000000 48656C6C6F20783836-     ftm1 db "Hello x86", 10
     4 00000000 0A                 
     5                                  ftm2 equ $-ftm1
     6                                 
     7                                 [section .text]
     8                                 [global main]
     9                                 
    10                                 main:
    11 00000000 B804000000              mov eax, 4
    12 00000005 BB01000000              mov ebx, 1
    13 0000000A B9[00000000]            mov ecx, ftm1
    14 0000000F BA0A000000              mov edx, ftm2
    15 00000014 CD80                    int 0x80
    16                                 
    17                                 exit:
    18 00000016 B801000000              mov eax, 1
    19 0000001B BB00000000              mov ebx, 0
    20 00000020 CD80                    int 0x80
