     1                                 %line 1+1 cek2.asm
     2                                 [section .data]
     3 00000000 48656C6C6F2000          ftm1 db "Hello ", 0
     4                                  len equ $-ftm1
     5 00000007 04000000                in_len dd 4
     6                                 
     7                                 [section .bss]
     8 00000000 <gap>                   input resd 1
     9                                 
    10                                 [section .text]
    11                                 [global main]
    12                                 
    13                                 main:
    14 00000000 B803000000              mov eax, 3
    15 00000005 BB00000000              mov ebx, 0
    16 0000000A B9[00000000]            mov ecx, input
    17 0000000F BA[00000000]            mov edx, in_len
    18 00000014 CD80                    int 0x80
    19                                 
    20 00000016 B804000000              mov eax, 4
    21 0000001B BB01000000              mov ebx, 1
    22 00000020 B9[00000000]            mov ecx, ftm1
    23 00000025 BA07000000              mov edx, len
    24 0000002A CD80                    int 0x80
    25                                 
    26 0000002C B804000000              mov eax, 4
    27 00000031 BB01000000              mov ebx, 1
    28 00000036 B9[00000000]            mov ecx, input
    29 0000003B BA04000000              mov edx, 4
    30 00000040 CD80                    int 0x80
    31                                 
    32                                 exit:
    33 00000042 B801000000              mov eax, 1
    34 00000047 BB00000000              mov ebx, 0
    35 0000004C CD80                    int 0x80
