     1                                 %line 1+1 cek3.asm
     2                                 [extern printf]
     3                                 [extern fflush]
     4                                 
     5                                 [section .data]
     6 00000000 257300                  ftm1 db "%s", 0
     7 00000003 48656C6C6F20776F72-     ftm2 db "Hello world!", 10, 0
     8 00000003 6C64210A00         
     9                                 
    10                                 [section .bss]
    11                                 
    12                                 [section .text]
    13                                 [global main]
    14                                 
    15                                 main:
    16 00000000 68[00000000]            push ftm2
    17 00000005 68[00000000]            push ftm1
    18 0000000A E8(F6FFFFFF)            call printf
    19 0000000F 83C408                  add esp, 8
    20                                 
    21                                 exit:
    22 00000012 6A00                    push 0
    23 00000014 E8(F6FFFFFF)            call fflush
    24                                 
    25 00000019 B801000000              mov eax, 1
    26 0000001E BB00000000              mov ebx, 0
    27 00000023 CD80                    int 0x80
