     1                                 %line 1+1 iseng3.asm
     2                                 [extern scanf]
     3                                 [extern printf]
     4                                 [extern fflush]
     5                                 
     6                                 [section .data]
     7 00000000 256400                  fmt1 db "%d", 0
     8 00000003 25640A00                fmt2 db "%d", 10, 0
     9                                 
    10                                 
    11                                 [section .bss]
    12 00000000 <gap>                   a resd 1
    13                                 
    14                                 [section .text]
    15                                 [global main]
    16                                 
    17                                 main:
    18 00000000 68[00000000]            push a
    19 00000005 68[00000000]            push fmt1
    20 0000000A E8(F6FFFFFF)            call scanf
    21 0000000F 83C408                  add esp, 8
    22                                 
    23 00000012 A1[00000000]            mov eax, [a]
    24 00000017 BB00000000              mov ebx, 0
    25 0000001C B907000000              mov ecx, 7
    26                                 
    27                                 looping:
    28 00000021 01CB                    add ebx, ecx
    29 00000023 83C107                  add ecx, 7
    30                                 
    31 00000026 39C1                    cmp ecx, eax
    32 00000028 76F5                    jbe looping
    33                                 
    34 0000002A 53                      push ebx
    35 0000002B 68[00000000]            push fmt2
    36 00000030 E8(F6FFFFFF)            call printf
    37 00000035 83C408                  add esp, 8
    38                                 
    39 00000038 6A00                    push 0
    40 0000003A E8(F6FFFFFF)            call fflush
    41                                 
    42                                 exit:
    43 0000003F B801000000              mov eax, 1
    44 00000044 BB00000000              mov ebx, 0
    45 00000049 CD80                    int 0x80
