     1                                 %line 1+1 ultra1.asm
     2                                 [extern scanf]
     3                                 [extern printf]
     4                                 [extern fflush]
     5                                 
     6                                 [section .data]
     7 00000000 256400                  ftm1 db "%d", 0
     8 00000003 25640A00                ftm2 db "%d", 10, 0
     9                                 
    10                                 [section .bss]
    11 00000000 <gap>                   cek resd 1
    12                                 
    13                                 [section .text]
    14                                 [global main]
    15                                 
    16                                 main:
    17 00000000 68[00000000]            push cek
    18 00000005 68[00000000]            push ftm1
    19 0000000A E8(F6FFFFFF)            call scanf
    20 0000000F 83C408                  add esp, 8
    21                                 
    22 00000012 A1[00000000]            mov eax, [cek]
    23 00000017 F7E0                    mul eax
    24 00000019 BB06000000              mov ebx, 6
    25 0000001E F7E3                    mul ebx
    26                                 
    27 00000020 50                      push eax
    28 00000021 68[00000000]            push ftm1
    29 00000026 E8(F6FFFFFF)            call printf
    30 0000002B 83C408                  add esp, 8
    31                                 
    32 0000002E 6A00                    push 0
    33 00000030 E8(F6FFFFFF)            call fflush
    34                                 exit:
    35 00000035 B801000000              mov eax, 1
    36 0000003A BB00000000              mov ebx, 0
    37 0000003F CD80                    int 0x80
